{"/home/ben/projects/todo-nuxt3/store/todo.ts": {"path":"/home/ben/projects/todo-nuxt3/store/todo.ts","all":false,"statementMap":{"0":{"start":{"line":1,"column":0},"end":{"line":1,"column":36}},"1":{"start":{"line":2,"column":0},"end":{"line":2,"column":34}},"2":{"start":{"line":3,"column":0},"end":{"line":3,"column":44}},"3":{"start":{"line":4,"column":0},"end":{"line":4,"column":0}},"4":{"start":{"line":5,"column":0},"end":{"line":5,"column":23}},"5":{"start":{"line":6,"column":0},"end":{"line":6,"column":12}},"6":{"start":{"line":7,"column":0},"end":{"line":7,"column":15}},"7":{"start":{"line":8,"column":0},"end":{"line":8,"column":15}},"8":{"start":{"line":9,"column":0},"end":{"line":9,"column":17}},"9":{"start":{"line":10,"column":0},"end":{"line":10,"column":17}},"10":{"start":{"line":11,"column":0},"end":{"line":11,"column":1}},"11":{"start":{"line":12,"column":0},"end":{"line":12,"column":0}},"12":{"start":{"line":13,"column":0},"end":{"line":13,"column":41}},"13":{"start":{"line":14,"column":0},"end":{"line":14,"column":0}},"14":{"start":{"line":15,"column":0},"end":{"line":15,"column":26}},"15":{"start":{"line":16,"column":0},"end":{"line":16,"column":15}},"16":{"start":{"line":17,"column":0},"end":{"line":17,"column":1}},"17":{"start":{"line":18,"column":0},"end":{"line":18,"column":0}},"18":{"start":{"line":19,"column":0},"end":{"line":19,"column":29}},"19":{"start":{"line":20,"column":0},"end":{"line":20,"column":16}},"20":{"start":{"line":21,"column":0},"end":{"line":21,"column":16}},"21":{"start":{"line":22,"column":0},"end":{"line":22,"column":21}},"22":{"start":{"line":23,"column":0},"end":{"line":23,"column":1}},"23":{"start":{"line":24,"column":0},"end":{"line":24,"column":0}},"24":{"start":{"line":25,"column":0},"end":{"line":25,"column":28}},"25":{"start":{"line":26,"column":0},"end":{"line":26,"column":14}},"26":{"start":{"line":27,"column":0},"end":{"line":27,"column":1}},"27":{"start":{"line":28,"column":0},"end":{"line":28,"column":0}},"28":{"start":{"line":29,"column":0},"end":{"line":29,"column":33}},"29":{"start":{"line":30,"column":0},"end":{"line":30,"column":11}},"30":{"start":{"line":31,"column":0},"end":{"line":31,"column":2}},"31":{"start":{"line":32,"column":0},"end":{"line":32,"column":0}},"32":{"start":{"line":33,"column":0},"end":{"line":33,"column":17}},"33":{"start":{"line":34,"column":0},"end":{"line":34,"column":37}},"34":{"start":{"line":35,"column":0},"end":{"line":35,"column":26}},"35":{"start":{"line":36,"column":0},"end":{"line":36,"column":59}},"36":{"start":{"line":37,"column":0},"end":{"line":37,"column":3}},"37":{"start":{"line":38,"column":0},"end":{"line":38,"column":3}},"38":{"start":{"line":39,"column":0},"end":{"line":39,"column":39}},"39":{"start":{"line":40,"column":0},"end":{"line":40,"column":45}},"40":{"start":{"line":41,"column":0},"end":{"line":41,"column":48}},"41":{"start":{"line":42,"column":0},"end":{"line":42,"column":3}},"42":{"start":{"line":43,"column":0},"end":{"line":43,"column":2}},"43":{"start":{"line":44,"column":0},"end":{"line":44,"column":0}},"44":{"start":{"line":45,"column":0},"end":{"line":45,"column":17}},"45":{"start":{"line":46,"column":0},"end":{"line":46,"column":21}},"46":{"start":{"line":47,"column":0},"end":{"line":47,"column":20}},"47":{"start":{"line":48,"column":0},"end":{"line":48,"column":21}},"48":{"start":{"line":49,"column":0},"end":{"line":49,"column":6}},"49":{"start":{"line":50,"column":0},"end":{"line":50,"column":11}},"50":{"start":{"line":51,"column":0},"end":{"line":51,"column":15}},"51":{"start":{"line":52,"column":0},"end":{"line":52,"column":25}},"52":{"start":{"line":53,"column":0},"end":{"line":53,"column":25}},"53":{"start":{"line":54,"column":0},"end":{"line":54,"column":3}},"54":{"start":{"line":55,"column":0},"end":{"line":55,"column":29}},"55":{"start":{"line":56,"column":0},"end":{"line":56,"column":3}},"56":{"start":{"line":57,"column":0},"end":{"line":57,"column":0}},"57":{"start":{"line":58,"column":0},"end":{"line":58,"column":21}},"58":{"start":{"line":59,"column":0},"end":{"line":59,"column":57}},"59":{"start":{"line":60,"column":0},"end":{"line":60,"column":3}},"60":{"start":{"line":61,"column":0},"end":{"line":61,"column":0}},"61":{"start":{"line":62,"column":0},"end":{"line":62,"column":41}},"62":{"start":{"line":63,"column":0},"end":{"line":63,"column":36}},"63":{"start":{"line":64,"column":0},"end":{"line":64,"column":37}},"64":{"start":{"line":65,"column":0},"end":{"line":65,"column":49}},"65":{"start":{"line":66,"column":0},"end":{"line":66,"column":71}},"66":{"start":{"line":67,"column":0},"end":{"line":67,"column":2}},"67":{"start":{"line":68,"column":0},"end":{"line":68,"column":2}},"68":{"start":{"line":69,"column":0},"end":{"line":69,"column":0}},"69":{"start":{"line":70,"column":0},"end":{"line":70,"column":54}},"70":{"start":{"line":71,"column":0},"end":{"line":71,"column":7}},"71":{"start":{"line":72,"column":0},"end":{"line":72,"column":9}},"72":{"start":{"line":73,"column":0},"end":{"line":73,"column":9}},"73":{"start":{"line":74,"column":0},"end":{"line":74,"column":2}}},"s":{"0":1,"1":1,"2":1,"3":1,"4":1,"5":1,"6":1,"7":1,"8":1,"9":1,"10":1,"11":1,"12":1,"13":1,"14":1,"15":1,"16":1,"17":1,"18":1,"19":1,"20":1,"21":1,"22":1,"23":1,"24":1,"25":1,"26":1,"27":1,"28":1,"29":9,"30":9,"31":1,"32":1,"33":1,"34":1,"35":3,"36":3,"37":1,"38":1,"39":1,"40":6,"41":1,"42":1,"43":1,"44":1,"45":1,"46":5,"47":5,"48":5,"49":5,"50":5,"51":5,"52":5,"53":5,"54":5,"55":5,"56":1,"57":1,"58":1,"59":1,"60":1,"61":1,"62":2,"63":2,"64":2,"65":2,"66":2,"67":2,"68":1,"69":1,"70":1,"71":1,"72":1,"73":1},"branchMap":{"0":{"type":"branch","line":29,"loc":{"start":{"line":29,"column":14},"end":{"line":31,"column":2}},"locations":[{"start":{"line":29,"column":14},"end":{"line":31,"column":2}}]},"1":{"type":"branch","line":34,"loc":{"start":{"line":34,"column":15},"end":{"line":38,"column":3}},"locations":[{"start":{"line":34,"column":15},"end":{"line":38,"column":3}}]},"2":{"type":"branch","line":35,"loc":{"start":{"line":35,"column":10},"end":{"line":37,"column":3}},"locations":[{"start":{"line":35,"column":10},"end":{"line":37,"column":3}}]},"3":{"type":"branch","line":36,"loc":{"start":{"line":36,"column":28},"end":{"line":36,"column":59}},"locations":[{"start":{"line":36,"column":28},"end":{"line":36,"column":59}}]},"4":{"type":"branch","line":39,"loc":{"start":{"line":39,"column":19},"end":{"line":43,"column":2}},"locations":[{"start":{"line":39,"column":19},"end":{"line":43,"column":2}}]},"5":{"type":"branch","line":40,"loc":{"start":{"line":40,"column":25},"end":{"line":41,"column":48}},"locations":[{"start":{"line":40,"column":25},"end":{"line":41,"column":48}}]},"6":{"type":"branch","line":46,"loc":{"start":{"line":46,"column":1},"end":{"line":56,"column":3}},"locations":[{"start":{"line":46,"column":1},"end":{"line":56,"column":3}}]},"7":{"type":"branch","line":58,"loc":{"start":{"line":58,"column":1},"end":{"line":60,"column":3}},"locations":[{"start":{"line":58,"column":1},"end":{"line":60,"column":3}}]},"8":{"type":"branch","line":59,"loc":{"start":{"line":59,"column":33},"end":{"line":59,"column":57}},"locations":[{"start":{"line":59,"column":33},"end":{"line":59,"column":57}}]},"9":{"type":"branch","line":62,"loc":{"start":{"line":62,"column":1},"end":{"line":68,"column":2}},"locations":[{"start":{"line":62,"column":1},"end":{"line":68,"column":2}}]},"10":{"type":"branch","line":65,"loc":{"start":{"line":65,"column":4},"end":{"line":65,"column":47}},"locations":[{"start":{"line":65,"column":4},"end":{"line":65,"column":47}}]},"11":{"type":"branch","line":74,"loc":{"start":{"line":74,"column":1},"end":{"line":74,"column":2}},"locations":[{"start":{"line":74,"column":1},"end":{"line":74,"column":2}}]}},"b":{"0":[9],"1":[1],"2":[3],"3":[3],"4":[1],"5":[6],"6":[5],"7":[1],"8":[1],"9":[2],"10":[2],"11":[8]},"fnMap":{"0":{"name":"state","decl":{"start":{"line":29,"column":14},"end":{"line":31,"column":2}},"loc":{"start":{"line":29,"column":14},"end":{"line":31,"column":2}},"line":29},"1":{"name":"getTodoById","decl":{"start":{"line":34,"column":15},"end":{"line":38,"column":3}},"loc":{"start":{"line":34,"column":15},"end":{"line":38,"column":3}},"line":34},"2":{"name":"getOrderedTodos","decl":{"start":{"line":39,"column":19},"end":{"line":43,"column":2}},"loc":{"start":{"line":39,"column":19},"end":{"line":43,"column":2}},"line":39},"3":{"name":"add","decl":{"start":{"line":46,"column":1},"end":{"line":56,"column":3}},"loc":{"start":{"line":46,"column":1},"end":{"line":56,"column":3}},"line":46},"4":{"name":"remove","decl":{"start":{"line":58,"column":1},"end":{"line":60,"column":3}},"loc":{"start":{"line":58,"column":1},"end":{"line":60,"column":3}},"line":58},"5":{"name":"update","decl":{"start":{"line":62,"column":1},"end":{"line":68,"column":2}},"loc":{"start":{"line":62,"column":1},"end":{"line":68,"column":2}},"line":62},"6":{"name":"get","decl":{"start":{"line":74,"column":1},"end":{"line":74,"column":2}},"loc":{"start":{"line":74,"column":1},"end":{"line":74,"column":2}},"line":74}},"f":{"0":9,"1":1,"2":1,"3":5,"4":1,"5":2,"6":8}}
}
